2023/11/10 07:29:19 [debug] 6052#6052: epoll add event: fd:7 op:1 ev:00002001
2023/11/10 07:29:35 [debug] 6052#6052: accept on 0.0.0.0:3000, ready: 0
2023/11/10 07:29:35 [debug] 6052#6052: posix_memalign: 000055C5BA0767C0:512 @16
2023/11/10 07:29:35 [debug] 6052#6052: *1 accept: 127.0.0.1:44470 fd:3
2023/11/10 07:29:35 [debug] 6052#6052: *1 event timer add: 3: 60000:127184871
2023/11/10 07:29:35 [debug] 6052#6052: *1 reusable connection: 1
2023/11/10 07:29:35 [debug] 6052#6052: *1 epoll add event: fd:3 op:1 ev:80002001
2023/11/10 07:29:35 [debug] 6052#6052: *1 http wait request handler
2023/11/10 07:29:35 [debug] 6052#6052: *1 malloc: 000055C5BA0771D0:1024
2023/11/10 07:29:35 [debug] 6052#6052: *1 recv: eof:0, avail:1
2023/11/10 07:29:35 [debug] 6052#6052: *1 recv: fd:3 78 of 1024
2023/11/10 07:29:35 [debug] 6052#6052: *1 reusable connection: 0
2023/11/10 07:29:35 [debug] 6052#6052: *1 posix_memalign: 000055C5BA08DC70:4096 @16
2023/11/10 07:29:35 [debug] 6052#6052: *1 http process request line
2023/11/10 07:29:35 [debug] 6052#6052: *1 http request line: "GET / HTTP/1.1"
2023/11/10 07:29:35 [debug] 6052#6052: *1 http uri: "/"
2023/11/10 07:29:35 [debug] 6052#6052: *1 http args: ""
2023/11/10 07:29:35 [debug] 6052#6052: *1 http exten: ""
2023/11/10 07:29:35 [debug] 6052#6052: *1 posix_memalign: 000055C5BA0A5760:4096 @16
2023/11/10 07:29:35 [debug] 6052#6052: *1 http process request header line
2023/11/10 07:29:35 [debug] 6052#6052: *1 http header: "Host: localhost:3000"
2023/11/10 07:29:35 [debug] 6052#6052: *1 http header: "User-Agent: curl/7.64.0"
2023/11/10 07:29:35 [debug] 6052#6052: *1 http header: "Accept: */*"
2023/11/10 07:29:35 [debug] 6052#6052: *1 http header done
2023/11/10 07:29:35 [debug] 6052#6052: *1 event timer del: 3: 127184871
2023/11/10 07:29:35 [debug] 6052#6052: *1 generic phase: 0
2023/11/10 07:29:35 [debug] 6052#6052: *1 rewrite phase: 1
2023/11/10 07:29:35 [debug] 6052#6052: *1 test location: "/"
2023/11/10 07:29:35 [debug] 6052#6052: *1 using configuration "/"
2023/11/10 07:29:35 [debug] 6052#6052: *1 http cl:-1 max:1048576
2023/11/10 07:29:35 [debug] 6052#6052: *1 rewrite phase: 3
2023/11/10 07:29:35 [debug] 6052#6052: *1 http set discard body
2023/11/10 07:29:35 [debug] 6052#6052: *1 HTTP/1.1 200 OK
Server: nginx/1.14.2
Date: Fri, 10 Nov 2023 07:29:35 GMT
Content-Type: text/plain
Content-Length: 12
Connection: keep-alive

2023/11/10 07:29:35 [debug] 6052#6052: *1 write new buf t:1 f:0 000055C5BA08EB30, pos 000055C5BA08EB30, size: 148 file: 0, size: 0
2023/11/10 07:29:35 [debug] 6052#6052: *1 http write filter: l:0 f:0 s:148
2023/11/10 07:29:35 [debug] 6052#6052: *1 http output filter "/?"
2023/11/10 07:29:35 [debug] 6052#6052: *1 http copy filter: "/?"
2023/11/10 07:29:35 [debug] 6052#6052: *1 http postpone filter "/?" 00007FFD6674BFE0
2023/11/10 07:29:35 [debug] 6052#6052: *1 write old buf t:1 f:0 000055C5BA08EB30, pos 000055C5BA08EB30, size: 148 file: 0, size: 0
2023/11/10 07:29:35 [debug] 6052#6052: *1 write new buf t:0 f:0 0000000000000000, pos 000055C5BA0AFED3, size: 12 file: 0, size: 0
2023/11/10 07:29:35 [debug] 6052#6052: *1 http write filter: l:1 f:0 s:160
2023/11/10 07:29:35 [debug] 6052#6052: *1 http write filter limit 0
2023/11/10 07:29:35 [debug] 6052#6052: *1 writev: 160 of 160
2023/11/10 07:29:35 [debug] 6052#6052: *1 http write filter 0000000000000000
2023/11/10 07:29:35 [debug] 6052#6052: *1 http copy filter: 0 "/?"
2023/11/10 07:29:35 [debug] 6052#6052: *1 http finalize request: 0, "/?" a:1, c:1
2023/11/10 07:29:35 [debug] 6052#6052: *1 set http keepalive handler
2023/11/10 07:29:35 [debug] 6052#6052: *1 http close request
2023/11/10 07:29:35 [debug] 6052#6052: *1 http log handler
2023/11/10 07:29:35 [debug] 6052#6052: *1 free: 000055C5BA08DC70, unused: 0
2023/11/10 07:29:35 [debug] 6052#6052: *1 free: 000055C5BA0A5760, unused: 2984
2023/11/10 07:29:35 [debug] 6052#6052: *1 free: 000055C5BA0771D0
2023/11/10 07:29:35 [debug] 6052#6052: *1 hc free: 0000000000000000
2023/11/10 07:29:35 [debug] 6052#6052: *1 hc busy: 0000000000000000 0
2023/11/10 07:29:35 [debug] 6052#6052: *1 tcp_nodelay
2023/11/10 07:29:35 [debug] 6052#6052: *1 reusable connection: 1
2023/11/10 07:29:35 [debug] 6052#6052: *1 event timer add: 3: 75000:127199871
2023/11/10 07:29:35 [debug] 6052#6052: *1 http keepalive handler
2023/11/10 07:29:35 [debug] 6052#6052: *1 malloc: 000055C5BA0771D0:1024
2023/11/10 07:29:35 [debug] 6052#6052: *1 recv: eof:1, avail:1
2023/11/10 07:29:35 [debug] 6052#6052: *1 recv: fd:3 0 of 1024
2023/11/10 07:29:35 [info] 6052#6052: *1 client 127.0.0.1 closed keepalive connection
2023/11/10 07:29:35 [debug] 6052#6052: *1 close http connection: 3
2023/11/10 07:29:35 [debug] 6052#6052: *1 event timer del: 3: 127199871
2023/11/10 07:29:35 [debug] 6052#6052: *1 reusable connection: 0
2023/11/10 07:29:35 [debug] 6052#6052: *1 free: 000055C5BA0771D0
2023/11/10 07:29:35 [debug] 6052#6052: *1 free: 000055C5BA0767C0, unused: 136
